  [1m[35m (7.9ms)[0m  [1m[35mCREATE TABLE "schema_migrations" ("version" varchar NOT NULL PRIMARY KEY)[0m
  [1m[35m (0.4ms)[0m  [1m[35mCREATE TABLE "ar_internal_metadata" ("key" varchar NOT NULL PRIMARY KEY, "value" varchar, "created_at" datetime(6) NOT NULL, "updated_at" datetime(6) NOT NULL)[0m
  [1m[36mActiveRecord::InternalMetadata Load (0.5ms)[0m  [1m[34mSELECT * FROM "ar_internal_metadata" WHERE "ar_internal_metadata"."key" = ? ORDER BY "ar_internal_metadata"."key" ASC LIMIT 1[0m  [[nil, "environment"]]
  [1m[36mActiveRecord::InternalMetadata Create (0.6ms)[0m  [1m[32mINSERT INTO "ar_internal_metadata" ("key", "value", "created_at", "updated_at") VALUES ('environment', 'development', '2024-06-26 21:55:38.168490', '2024-06-26 21:55:38.168504') RETURNING "key"[0m
  [1m[36mActiveRecord::SchemaMigration Load (0.3ms)[0m  [1m[34mSELECT "schema_migrations"."version" FROM "schema_migrations" ORDER BY "schema_migrations"."version" ASC[0m
Started GET "/" for 127.0.0.1 at 2024-06-26 18:57:48 -0300
  [1m[36mActiveRecord::SchemaMigration Load (0.2ms)[0m  [1m[34mSELECT "schema_migrations"."version" FROM "schema_migrations" ORDER BY "schema_migrations"."version" ASC[0m
Processing by Rails::WelcomeController#index as HTML
  Rendering /home/edu-arch/.local/share/gem/ruby/3.0.0/gems/railties-7.1.3.4/lib/rails/templates/rails/welcome/index.html.erb
  Rendered /home/edu-arch/.local/share/gem/ruby/3.0.0/gems/railties-7.1.3.4/lib/rails/templates/rails/welcome/index.html.erb (Duration: 1.5ms | Allocations: 578)
Completed 200 OK in 64ms (Views: 16.7ms | ActiveRecord: 0.0ms | Allocations: 10152)


Started GET "/" for 127.0.0.1 at 2024-06-26 19:47:37 -0300
  [1m[36mActiveRecord::SchemaMigration Load (0.3ms)[0m  [1m[34mSELECT "schema_migrations"."version" FROM "schema_migrations" ORDER BY "schema_migrations"."version" ASC[0m
Processing by Rails::WelcomeController#index as HTML
  Rendering /home/edu-arch/.local/share/gem/ruby/3.0.0/gems/railties-7.1.3.4/lib/rails/templates/rails/welcome/index.html.erb
  Rendered /home/edu-arch/.local/share/gem/ruby/3.0.0/gems/railties-7.1.3.4/lib/rails/templates/rails/welcome/index.html.erb (Duration: 1.6ms | Allocations: 578)
Completed 200 OK in 39ms (Views: 13.7ms | ActiveRecord: 0.0ms | Allocations: 7259)


Started GET "/" for 127.0.0.1 at 2024-06-26 19:49:10 -0300
Processing by Rails::WelcomeController#index as HTML
  Rendering /home/edu-arch/.local/share/gem/ruby/3.0.0/gems/railties-7.1.3.4/lib/rails/templates/rails/welcome/index.html.erb
  Rendered /home/edu-arch/.local/share/gem/ruby/3.0.0/gems/railties-7.1.3.4/lib/rails/templates/rails/welcome/index.html.erb (Duration: 0.2ms | Allocations: 24)
Completed 200 OK in 2ms (Views: 1.1ms | ActiveRecord: 0.0ms | Allocations: 343)


Started GET "/" for 127.0.0.1 at 2024-06-26 20:34:12 -0300
  [1m[36mActiveRecord::SchemaMigration Load (0.2ms)[0m  [1m[34mSELECT "schema_migrations"."version" FROM "schema_migrations" ORDER BY "schema_migrations"."version" ASC[0m
Processing by Rails::WelcomeController#index as HTML
  Rendering /home/edu-arch/.local/share/gem/ruby/3.0.0/gems/railties-7.1.3.4/lib/rails/templates/rails/welcome/index.html.erb
  Rendered /home/edu-arch/.local/share/gem/ruby/3.0.0/gems/railties-7.1.3.4/lib/rails/templates/rails/welcome/index.html.erb (Duration: 2.1ms | Allocations: 578)
Completed 200 OK in 23ms (Views: 11.1ms | ActiveRecord: 0.0ms | Allocations: 7342)


Started GET "/" for 127.0.0.1 at 2024-07-02 13:11:57 -0300
  [1m[36mActiveRecord::SchemaMigration Load (0.2ms)[0m  [1m[34mSELECT "schema_migrations"."version" FROM "schema_migrations" ORDER BY "schema_migrations"."version" ASC[0m
Processing by Rails::WelcomeController#index as HTML
  Rendering /home/eduardo/.rbenv/versions/3.0.6/lib/ruby/gems/3.0.0/gems/railties-7.1.3.4/lib/rails/templates/rails/welcome/index.html.erb
  Rendered /home/eduardo/.rbenv/versions/3.0.6/lib/ruby/gems/3.0.0/gems/railties-7.1.3.4/lib/rails/templates/rails/welcome/index.html.erb (Duration: 1.4ms | Allocations: 577)
Completed 200 OK in 165ms (Views: 59.2ms | ActiveRecord: 0.0ms | Allocations: 10134)


Started GET "/" for 127.0.0.1 at 2024-07-02 13:19:56 -0300
Processing by Rails::WelcomeController#index as HTML
  Rendering /home/eduardo/.rbenv/versions/3.0.6/lib/ruby/gems/3.0.0/gems/railties-7.1.3.4/lib/rails/templates/rails/welcome/index.html.erb
  Rendered /home/eduardo/.rbenv/versions/3.0.6/lib/ruby/gems/3.0.0/gems/railties-7.1.3.4/lib/rails/templates/rails/welcome/index.html.erb (Duration: 0.2ms | Allocations: 24)
Completed 200 OK in 2ms (Views: 1.2ms | ActiveRecord: 0.0ms | Allocations: 343)


  [1m[35m (0.8ms)[0m  [1m[35mDROP DATABASE IF EXISTS "contactlist_development"[0m
  [1m[35m (1.5ms)[0m  [1m[35mDROP DATABASE IF EXISTS "storage/test"."postgresql"[0m
  [1m[35m (822.2ms)[0m  [1m[35mCREATE DATABASE "contactlist_development" ENCODING = 'unicode'[0m
  [1m[35m (1.7ms)[0m  [1m[35mCREATE DATABASE "storage/test"."postgresql" ENCODING = 'unicode'[0m
  [1m[35m (1.6ms)[0m  [1m[35mCREATE DATABASE "contactlist_development" ENCODING = 'unicode'[0m
  [1m[35m (882.5ms)[0m  [1m[35mCREATE DATABASE "contactlist_test" ENCODING = 'unicode'[0m
Started GET "/" for 127.0.0.1 at 2024-07-02 13:37:17 -0300
Processing by Rails::WelcomeController#index as HTML
  Rendering /home/eduardo/.rbenv/versions/3.0.6/lib/ruby/gems/3.0.0/gems/railties-7.1.3.4/lib/rails/templates/rails/welcome/index.html.erb
  Rendered /home/eduardo/.rbenv/versions/3.0.6/lib/ruby/gems/3.0.0/gems/railties-7.1.3.4/lib/rails/templates/rails/welcome/index.html.erb (Duration: 2.4ms | Allocations: 479)
Completed 200 OK in 8ms (Views: 6.1ms | ActiveRecord: 0.0ms | Allocations: 1553)


Started GET "/" for 127.0.0.1 at 2024-07-02 13:38:25 -0300
Processing by StaticPagesController#index as HTML
  Rendering layout layouts/application.html.erb
  Rendering static_pages/index.html.erb within layouts/application
  Rendered static_pages/index.html.erb within layouts/application (Duration: 0.7ms | Allocations: 142)
  Rendered layout layouts/application.html.erb (Duration: 518.4ms | Allocations: 70566)
Completed 200 OK in 524ms (Views: 521.8ms | ActiveRecord: 0.0ms | Allocations: 71967)


Started GET "/" for 127.0.0.1 at 2024-07-02 14:08:46 -0300
Processing by StaticPagesController#index as HTML
  Rendering layout layouts/application.html.erb
  Rendering static_pages/index.html.erb within layouts/application
  Rendered static_pages/index.html.erb within layouts/application (Duration: 0.1ms | Allocations: 8)
  Rendered layout layouts/application.html.erb (Duration: 49.2ms | Allocations: 9004)
Completed 500 Internal Server Error in 51ms (ActiveRecord: 0.0ms | Allocations: 9330)


  
LoadError (cannot load such file -- sassc):
  
app/views/layouts/application.html.erb:9
Started GET "/" for 127.0.0.1 at 2024-07-02 14:11:40 -0300
Processing by StaticPagesController#index as HTML
  Rendering layout layouts/application.html.erb
  Rendering static_pages/index.html.erb within layouts/application
  Rendered static_pages/index.html.erb within layouts/application (Duration: 0.1ms | Allocations: 8)
  Rendered layout layouts/application.html.erb (Duration: 19.0ms | Allocations: 4729)
Completed 500 Internal Server Error in 21ms (ActiveRecord: 0.0ms | Allocations: 5029)


  
LoadError (cannot load such file -- sassc):
  
app/views/layouts/application.html.erb:9
Started GET "/" for 127.0.0.1 at 2024-07-02 14:12:50 -0300
Processing by StaticPagesController#index as HTML
  Rendering layout layouts/application.html.erb
  Rendering static_pages/index.html.erb within layouts/application
  Rendered static_pages/index.html.erb within layouts/application (Duration: 0.1ms | Allocations: 8)
  Rendered layout layouts/application.html.erb (Duration: 19.7ms | Allocations: 4477)
Completed 500 Internal Server Error in 21ms (ActiveRecord: 0.0ms | Allocations: 4750)


  
LoadError (cannot load such file -- sassc):
  
app/views/layouts/application.html.erb:9
Started GET "/" for 127.0.0.1 at 2024-07-02 14:13:19 -0300
  [1m[35m (41.2ms)[0m  [1m[35mCREATE TABLE "schema_migrations" ("version" character varying NOT NULL PRIMARY KEY)[0m
  [1m[35m (21.5ms)[0m  [1m[35mCREATE TABLE "ar_internal_metadata" ("key" character varying NOT NULL PRIMARY KEY, "value" character varying, "created_at" timestamp(6) NOT NULL, "updated_at" timestamp(6) NOT NULL)[0m
  [1m[36mActiveRecord::SchemaMigration Load (1.3ms)[0m  [1m[34mSELECT "schema_migrations"."version" FROM "schema_migrations" ORDER BY "schema_migrations"."version" ASC[0m
Processing by StaticPagesController#index as HTML
  Rendering layout layouts/application.html.erb
  Rendering static_pages/index.html.erb within layouts/application
  Rendered static_pages/index.html.erb within layouts/application (Duration: 1.1ms | Allocations: 232)
  Rendered layout layouts/application.html.erb (Duration: 2067.5ms | Allocations: 135659)
Completed 200 OK in 2092ms (Views: 2079.0ms | ActiveRecord: 0.0ms | Allocations: 142499)


Started GET "/" for 127.0.0.1 at 2024-07-02 14:13:24 -0300
Processing by StaticPagesController#index as HTML
  Rendering layout layouts/application.html.erb
  Rendering static_pages/index.html.erb within layouts/application
  Rendered static_pages/index.html.erb within layouts/application (Duration: 0.1ms | Allocations: 13)
  Rendered layout layouts/application.html.erb (Duration: 15.2ms | Allocations: 4926)
Completed 200 OK in 17ms (Views: 16.1ms | ActiveRecord: 0.0ms | Allocations: 5284)


Started GET "/" for 127.0.0.1 at 2024-07-02 14:17:16 -0300
Processing by StaticPagesController#index as HTML
  Rendering layout layouts/application.html.erb
  Rendering static_pages/index.html.erb within layouts/application
  Rendered static_pages/index.html.erb within layouts/application (Duration: 0.1ms | Allocations: 8)
  Rendered layout layouts/application.html.erb (Duration: 18.9ms | Allocations: 4828)
Completed 200 OK in 22ms (Views: 20.5ms | ActiveRecord: 0.0ms | Allocations: 5131)


Started GET "/" for 127.0.0.1 at 2024-07-02 14:17:18 -0300
Processing by StaticPagesController#index as HTML
  Rendering layout layouts/application.html.erb
  Rendering static_pages/index.html.erb within layouts/application
  Rendered static_pages/index.html.erb within layouts/application (Duration: 0.1ms | Allocations: 8)
  Rendered layout layouts/application.html.erb (Duration: 16.7ms | Allocations: 4831)
Completed 200 OK in 20ms (Views: 18.4ms | ActiveRecord: 0.0ms | Allocations: 5131)


Started GET "/" for 127.0.0.1 at 2024-07-02 14:33:33 -0300
Processing by StaticPagesController#index as HTML
  Rendering layout layouts/application.html.erb
  Rendering static_pages/index.html.erb within layouts/application
  Rendered static_pages/index.html.erb within layouts/application (Duration: 0.1ms | Allocations: 8)
  Rendered layout layouts/application.html.erb (Duration: 14.4ms | Allocations: 4828)
Completed 200 OK in 16ms (Views: 15.1ms | ActiveRecord: 0.0ms | Allocations: 5128)


Started GET "/" for 127.0.0.1 at 2024-07-02 14:33:34 -0300
Processing by StaticPagesController#index as HTML
  Rendering layout layouts/application.html.erb
  Rendering static_pages/index.html.erb within layouts/application
  Rendered static_pages/index.html.erb within layouts/application (Duration: 0.1ms | Allocations: 8)
  Rendered layout layouts/application.html.erb (Duration: 12.9ms | Allocations: 4848)
Completed 200 OK in 15ms (Views: 13.9ms | ActiveRecord: 0.0ms | Allocations: 5142)


Started GET "/" for 127.0.0.1 at 2024-07-02 14:33:34 -0300
Processing by StaticPagesController#index as HTML
  Rendering layout layouts/application.html.erb
  Rendering static_pages/index.html.erb within layouts/application
  Rendered static_pages/index.html.erb within layouts/application (Duration: 0.1ms | Allocations: 8)
  Rendered layout layouts/application.html.erb (Duration: 18.4ms | Allocations: 4842)
Completed 200 OK in 20ms (Views: 19.3ms | ActiveRecord: 0.0ms | Allocations: 5136)


Started GET "/" for 127.0.0.1 at 2024-07-02 15:01:19 -0300
Processing by StaticPagesController#index as HTML
  Rendering layout layouts/application.html.erb
  Rendering static_pages/index.html.erb within layouts/application
  Rendered static_pages/index.html.erb within layouts/application (Duration: 0.7ms | Allocations: 145)
  Rendered layout layouts/application.html.erb (Duration: 16.2ms | Allocations: 5449)
Completed 200 OK in 21ms (Views: 19.4ms | ActiveRecord: 0.0ms | Allocations: 6746)


Started GET "/" for 127.0.0.1 at 2024-07-02 15:01:21 -0300
Processing by StaticPagesController#index as HTML
  Rendering layout layouts/application.html.erb
  Rendering static_pages/index.html.erb within layouts/application
  Rendered static_pages/index.html.erb within layouts/application (Duration: 0.1ms | Allocations: 8)
  Rendered layout layouts/application.html.erb (Duration: 18.1ms | Allocations: 4857)
Completed 200 OK in 20ms (Views: 19.0ms | ActiveRecord: 0.0ms | Allocations: 5167)


Started GET "/" for 127.0.0.1 at 2024-07-02 15:02:30 -0300
Processing by StaticPagesController#index as HTML
  Rendering layout layouts/application.html.erb
  Rendering static_pages/index.html.erb within layouts/application
  Rendered static_pages/index.html.erb within layouts/application (Duration: 1.3ms | Allocations: 141)
  Rendered layout layouts/application.html.erb (Duration: 29.4ms | Allocations: 8125)
Completed 500 Internal Server Error in 36ms (ActiveRecord: 0.0ms | Allocations: 9420)


  
ActionView::Template::Error (Missing partial static_pages/_header, application/_header with {:locale=>[:en], :formats=>[:html], :variants=>[], :handlers=>[:raw, :erb, :html, :builder, :ruby, :jbuilder]}.

Searched in:
  * "/home/eduardo/rails/ContactList/app/views"
  * "/home/eduardo/.rbenv/versions/3.0.6/lib/ruby/gems/3.0.0/gems/turbo-rails-2.0.5/app/views"
  * "/home/eduardo/.rbenv/versions/3.0.6/lib/ruby/gems/3.0.0/gems/actiontext-7.1.3.4/app/views"
  * "/home/eduardo/.rbenv/versions/3.0.6/lib/ruby/gems/3.0.0/gems/actionmailbox-7.1.3.4/app/views"

Did you mean?  layouts/header
               active_storage/blobs/blob
               action_text/contents/content
               layouts/action_text/contents/content
               action_text/attachables/remote_image
               action_text/attachment_galleries/attachment_gallery):
    10:   </head>
    11: 
    12:   <body>
    13:     <%= render 'header' %>
    14:   </body>
    15: </html>
  
app/views/layouts/application.html.erb:13
Started GET "/" for 127.0.0.1 at 2024-07-02 15:02:43 -0300
Processing by StaticPagesController#index as HTML
  Rendering layout layouts/application.html.erb
  Rendering static_pages/index.html.erb within layouts/application
  Rendered static_pages/index.html.erb within layouts/application (Duration: 1.2ms | Allocations: 141)
  Rendered layouts/_header.html.erb (Duration: 28.5ms | Allocations: 4745)
  Rendered layout layouts/application.html.erb (Duration: 55.0ms | Allocations: 10310)
Completed 500 Internal Server Error in 61ms (ActiveRecord: 0.0ms | Allocations: 11583)


  
ActionView::Template::Error (undefined method `user_signed_in?' for #<ActionView::Base:0x000000000154c8>):
    14:   <!-- Conteudo exibido em telas maiores e que serao escondidos em telas menores -->
    15:   <div class="collapse navbar-collapse" id="expanded-menu">
    16:     <ul class="nav navbar-nav">
    17:       <% if !user_signed_in? %>
    18:         <li class="active">
    19:           <%= link_to 'Nova Conta', cadastro_path %>
    20:         </li>
  
app/views/layouts/_header.html.erb:17
app/views/layouts/application.html.erb:13
Started GET "/" for 127.0.0.1 at 2024-07-02 15:09:39 -0300
Processing by StaticPagesController#index as HTML
  Rendering layout layouts/application.html.erb
  Rendering static_pages/index.html.erb within layouts/application
  Rendered static_pages/index.html.erb within layouts/application (Duration: 0.6ms | Allocations: 141)
  Rendered layouts/_header.html.erb (Duration: 1.0ms | Allocations: 347)
  Rendered layout layouts/application.html.erb (Duration: 20.6ms | Allocations: 5908)
Completed 200 OK in 26ms (Views: 23.7ms | ActiveRecord: 0.0ms | Allocations: 7201)


Started GET "/" for 127.0.0.1 at 2024-07-02 15:09:41 -0300
Processing by StaticPagesController#index as HTML
  Rendering layout layouts/application.html.erb
  Rendering static_pages/index.html.erb within layouts/application
  Rendered static_pages/index.html.erb within layouts/application (Duration: 0.1ms | Allocations: 8)
  Rendered layouts/_header.html.erb (Duration: 0.3ms | Allocations: 68)
  Rendered layout layouts/application.html.erb (Duration: 26.0ms | Allocations: 4963)
Completed 200 OK in 28ms (Views: 27.1ms | ActiveRecord: 0.0ms | Allocations: 5274)


Started GET "/" for 127.0.0.1 at 2024-07-02 15:10:28 -0300
Processing by StaticPagesController#index as HTML
  Rendering layout layouts/application.html.erb
  Rendering static_pages/index.html.erb within layouts/application
  Rendered static_pages/index.html.erb within layouts/application (Duration: 0.6ms | Allocations: 143)
  Rendered layouts/_header.html.erb (Duration: 6.9ms | Allocations: 345)
  Rendered layout layouts/application.html.erb (Duration: 25.1ms | Allocations: 5930)
Completed 200 OK in 31ms (Views: 28.7ms | ActiveRecord: 0.0ms | Allocations: 7226)


Started GET "/" for 127.0.0.1 at 2024-07-02 15:18:26 -0300
Processing by StaticPagesController#index as HTML
  Rendering layout layouts/application.html.erb
  Rendering static_pages/index.html.erb within layouts/application
  Rendered static_pages/index.html.erb within layouts/application (Duration: 1.0ms | Allocations: 141)
  Rendered layouts/_header.html.erb (Duration: 1.0ms | Allocations: 345)
  Rendered layouts/_footer.html.erb (Duration: 0.7ms | Allocations: 246)
  Rendered layout layouts/application.html.erb (Duration: 21.6ms | Allocations: 6310)
Completed 200 OK in 29ms (Views: 27.0ms | ActiveRecord: 0.0ms | Allocations: 7603)


Started GET "/" for 127.0.0.1 at 2024-07-02 15:29:13 -0300
Processing by StaticPagesController#index as HTML
  Rendering layout layouts/application.html.erb
  Rendering static_pages/index.html.erb within layouts/application
  Rendered static_pages/index.html.erb within layouts/application (Duration: 0.1ms | Allocations: 8)
  Rendered layouts/_header.html.erb (Duration: 0.3ms | Allocations: 68)
  Rendered layouts/_footer.html.erb (Duration: 0.3ms | Allocations: 42)
  Rendered layout layouts/application.html.erb (Duration: 1337.4ms | Allocations: 39931)
Completed 200 OK in 1339ms (Views: 1338.1ms | ActiveRecord: 0.0ms | Allocations: 40241)


Started GET "/" for 127.0.0.1 at 2024-07-02 15:30:19 -0300
Processing by StaticPagesController#index as HTML
  Rendering layout layouts/application.html.erb
  Rendering static_pages/index.html.erb within layouts/application
  Rendered static_pages/index.html.erb within layouts/application (Duration: 0.1ms | Allocations: 8)
  Rendered layouts/_header.html.erb (Duration: 0.3ms | Allocations: 68)
  Rendered layouts/_footer.html.erb (Duration: 0.4ms | Allocations: 42)
  Rendered layout layouts/application.html.erb (Duration: 1380.3ms | Allocations: 39799)
Completed 200 OK in 1382ms (Views: 1381.5ms | ActiveRecord: 0.0ms | Allocations: 40093)


Started GET "/" for 127.0.0.1 at 2024-07-02 15:30:54 -0300
Processing by StaticPagesController#index as HTML
  Rendering layout layouts/application.html.erb
  Rendering static_pages/index.html.erb within layouts/application
  Rendered static_pages/index.html.erb within layouts/application (Duration: 0.1ms | Allocations: 8)
  Rendered layouts/_header.html.erb (Duration: 0.2ms | Allocations: 68)
  Rendered layouts/_footer.html.erb (Duration: 0.1ms | Allocations: 42)
  Rendered layout layouts/application.html.erb (Duration: 1372.3ms | Allocations: 39780)
Completed 200 OK in 1374ms (Views: 1373.4ms | ActiveRecord: 0.0ms | Allocations: 40074)


Started GET "/" for 127.0.0.1 at 2024-07-02 15:31:11 -0300
Processing by StaticPagesController#index as HTML
  Rendering layout layouts/application.html.erb
  Rendering static_pages/index.html.erb within layouts/application
  Rendered static_pages/index.html.erb within layouts/application (Duration: 0.1ms | Allocations: 8)
  Rendered layouts/_header.html.erb (Duration: 0.5ms | Allocations: 68)
  Rendered layouts/_footer.html.erb (Duration: 0.2ms | Allocations: 42)
  Rendered layout layouts/application.html.erb (Duration: 1410.8ms | Allocations: 39796)
Completed 200 OK in 1413ms (Views: 1412.1ms | ActiveRecord: 0.0ms | Allocations: 40090)


Started GET "/" for 127.0.0.1 at 2024-07-02 15:31:44 -0300
Processing by StaticPagesController#index as HTML
  Rendering layout layouts/application.html.erb
  Rendering static_pages/index.html.erb within layouts/application
  Rendered static_pages/index.html.erb within layouts/application (Duration: 0.1ms | Allocations: 8)
  Rendered layouts/_header.html.erb (Duration: 0.4ms | Allocations: 68)
  Rendered layouts/_footer.html.erb (Duration: 0.3ms | Allocations: 42)
  Rendered layout layouts/application.html.erb (Duration: 1369.2ms | Allocations: 39792)
Completed 200 OK in 1371ms (Views: 1370.6ms | ActiveRecord: 0.0ms | Allocations: 40086)


Started GET "/" for 127.0.0.1 at 2024-07-02 15:32:50 -0300
Processing by StaticPagesController#index as HTML
  Rendering layout layouts/application.html.erb
  Rendering static_pages/index.html.erb within layouts/application
  Rendered static_pages/index.html.erb within layouts/application (Duration: 1.0ms | Allocations: 145)
  Rendered layouts/_header.html.erb (Duration: 1.3ms | Allocations: 345)
  Rendered layouts/_footer.html.erb (Duration: 0.7ms | Allocations: 238)
  Rendered layout layouts/application.html.erb (Duration: 27.6ms | Allocations: 6941)
Completed 200 OK in 32ms (Views: 30.5ms | ActiveRecord: 0.0ms | Allocations: 8237)


